<?xml version="1.0" encoding="UTF-8"?>
<testsuites name="Mocha Tests" time="252.360" tests="1" failures="1">
  <testsuite name="" timestamp="2024-12-15T03:42:28" tests="0" file="cypress/e2e/test-suites/ECP-T2636-DefaultEmailAutoTextValues.spec.ts" time="0.000" failures="0">
  </testsuite>
  <testsuite name="Root Suite.ECP-T2636 - Default Email Auto Text Values " timestamp="2024-12-15T03:42:28" tests="1" time="0.000" failures="1">
    <testcase name="ECP-T2636 - System Admin - Notification Page - All Step  Email Auto Text Tab" time="77.219" classname="ECP-T2636 - Default Email Auto Text Values ">
      <failure message="Timed out retrying after 60000ms: Expected to find element: `#emailAutoText`, but never found it." type="AssertionError"><![CDATA[AssertionError: Timed out retrying after 60000ms: Expected to find element: `#emailAutoText`, but never found it.
    at Context.eval (webpack:///./cypress/e2e/test-suites/ECP-T2636-DefaultEmailAutoTextValues.spec.ts:52:29)]]></failure>
    </testcase>
  </testsuite>
</testsuites>